<?xml version="1.0" encoding="UTF-8"?>
<testng-results skipped="0" failed="0" ignored="0" total="1" passed="1">
  <reporter-output>
  </reporter-output>
  <suite name="Default suite" duration-ms="125074" started-at="2020-01-21T09:31:50Z" finished-at="2020-01-21T09:33:55Z">
    <groups>
    </groups>
    <test name="Default test" duration-ms="125074" started-at="2020-01-21T09:31:50Z" finished-at="2020-01-21T09:33:55Z">
      <class name="com.bridgelabz.codingcafe.testcases.RegistrationTest">
        <test-method status="PASS" signature="setUp()[pri:0, instance:com.bridgelabz.codingcafe.testcases.RegistrationTest@4f7d0008]" name="setUp" is-config="true" duration-ms="56528" started-at="2020-01-21T15:01:50Z" finished-at="2020-01-21T15:02:46Z">
          <reporter-output>
          </reporter-output>
        </test-method> <!-- setUp -->
        <test-method status="PASS" signature="registerTest()[pri:0, instance:com.bridgelabz.codingcafe.testcases.RegistrationTest@4f7d0008]" name="registerTest" duration-ms="68353" started-at="2020-01-21T15:02:46Z" finished-at="2020-01-21T15:03:55Z">
          <reporter-output>
          </reporter-output>
        </test-method> <!-- registerTest -->
        <test-method status="PASS" signature="tearDown()[pri:0, instance:com.bridgelabz.codingcafe.testcases.RegistrationTest@4f7d0008]" name="tearDown" is-config="true" duration-ms="163" started-at="2020-01-21T15:03:55Z" finished-at="2020-01-21T15:03:55Z">
          <reporter-output>
          </reporter-output>
        </test-method> <!-- tearDown -->
      </class> <!-- com.bridgelabz.codingcafe.testcases.RegistrationTest -->
    </test> <!-- Default test -->
  </suite> <!-- Default suite -->
</testng-results>
